<?xml version="1.0" encoding="UTF-8"?>
<testsuite xmlns:xsi="http://www.w3.org/2001/XMLSchema-instance" xsi:noNamespaceSchemaLocation="https://maven.apache.org/surefire/maven-surefire-plugin/xsd/surefire-test-report-3.0.xsd" version="3.0" name="com.example.proxy.AppTest" time="0.027" tests="1" errors="0" skipped="0" failures="0">
  <properties>
    <property name="java.specification.version" value="17"/>
    <property name="sun.jnu.encoding" value="UTF-8"/>
    <property name="java.class.path" value="/Users/jaliu/Desktop/Practice/vertx-proxy/target/test-classes:/Users/jaliu/Desktop/Practice/vertx-proxy/target/classes:/Users/jaliu/.m2/repository/junit/junit/3.8.1/junit-3.8.1.jar:/Users/jaliu/.m2/repository/io/vertx/vertx-core/4.5.1/vertx-core-4.5.1.jar:/Users/jaliu/.m2/repository/io/netty/netty-common/4.1.103.Final/netty-common-4.1.103.Final.jar:/Users/jaliu/.m2/repository/io/netty/netty-buffer/4.1.103.Final/netty-buffer-4.1.103.Final.jar:/Users/jaliu/.m2/repository/io/netty/netty-transport/4.1.103.Final/netty-transport-4.1.103.Final.jar:/Users/jaliu/.m2/repository/io/netty/netty-handler/4.1.103.Final/netty-handler-4.1.103.Final.jar:/Users/jaliu/.m2/repository/io/netty/netty-transport-native-unix-common/4.1.103.Final/netty-transport-native-unix-common-4.1.103.Final.jar:/Users/jaliu/.m2/repository/io/netty/netty-codec/4.1.103.Final/netty-codec-4.1.103.Final.jar:/Users/jaliu/.m2/repository/io/netty/netty-handler-proxy/4.1.103.Final/netty-handler-proxy-4.1.103.Final.jar:/Users/jaliu/.m2/repository/io/netty/netty-codec-socks/4.1.103.Final/netty-codec-socks-4.1.103.Final.jar:/Users/jaliu/.m2/repository/io/netty/netty-codec-http/4.1.103.Final/netty-codec-http-4.1.103.Final.jar:/Users/jaliu/.m2/repository/io/netty/netty-codec-http2/4.1.103.Final/netty-codec-http2-4.1.103.Final.jar:/Users/jaliu/.m2/repository/io/netty/netty-resolver/4.1.103.Final/netty-resolver-4.1.103.Final.jar:/Users/jaliu/.m2/repository/io/netty/netty-resolver-dns/4.1.103.Final/netty-resolver-dns-4.1.103.Final.jar:/Users/jaliu/.m2/repository/io/netty/netty-codec-dns/4.1.103.Final/netty-codec-dns-4.1.103.Final.jar:/Users/jaliu/.m2/repository/com/fasterxml/jackson/core/jackson-core/2.15.3/jackson-core-2.15.3.jar:/Users/jaliu/.m2/repository/io/vertx/vertx-web/4.5.1/vertx-web-4.5.1.jar:/Users/jaliu/.m2/repository/io/vertx/vertx-web-common/4.5.1/vertx-web-common-4.5.1.jar:/Users/jaliu/.m2/repository/io/vertx/vertx-auth-common/4.5.1/vertx-auth-common-4.5.1.jar:/Users/jaliu/.m2/repository/io/vertx/vertx-bridge-common/4.5.1/vertx-bridge-common-4.5.1.jar:/Users/jaliu/.m2/repository/io/netty/netty-resolver-dns-native-macos/4.1.106.Final/netty-resolver-dns-native-macos-4.1.106.Final-osx-aarch_64.jar:/Users/jaliu/.m2/repository/io/netty/netty-resolver-dns-classes-macos/4.1.106.Final/netty-resolver-dns-classes-macos-4.1.106.Final.jar:"/>
    <property name="java.vm.vendor" value="Oracle Corporation"/>
    <property name="sun.arch.data.model" value="64"/>
    <property name="java.vendor.url" value="https://java.oracle.com/"/>
    <property name="os.name" value="Mac OS X"/>
    <property name="java.vm.specification.version" value="17"/>
    <property name="sun.java.launcher" value="SUN_STANDARD"/>
    <property name="user.country" value="GB"/>
    <property name="sun.boot.library.path" value="/Users/jaliu/Library/Java/JavaVirtualMachines/openjdk-17.0.2/Contents/Home/lib"/>
    <property name="sun.java.command" value="/Users/jaliu/Desktop/Practice/vertx-proxy/target/surefire/surefirebooter-20250414220745881_3.jar /Users/jaliu/Desktop/Practice/vertx-proxy/target/surefire 2025-04-14T22-07-45_765-jvmRun1 surefire-20250414220745881_1tmp surefire_0-20250414220745881_2tmp"/>
    <property name="http.nonProxyHosts" value="local|*.local|169.254/16|*.169.254/16"/>
    <property name="jdk.debug" value="release"/>
    <property name="surefire.test.class.path" value="/Users/jaliu/Desktop/Practice/vertx-proxy/target/test-classes:/Users/jaliu/Desktop/Practice/vertx-proxy/target/classes:/Users/jaliu/.m2/repository/junit/junit/3.8.1/junit-3.8.1.jar:/Users/jaliu/.m2/repository/io/vertx/vertx-core/4.5.1/vertx-core-4.5.1.jar:/Users/jaliu/.m2/repository/io/netty/netty-common/4.1.103.Final/netty-common-4.1.103.Final.jar:/Users/jaliu/.m2/repository/io/netty/netty-buffer/4.1.103.Final/netty-buffer-4.1.103.Final.jar:/Users/jaliu/.m2/repository/io/netty/netty-transport/4.1.103.Final/netty-transport-4.1.103.Final.jar:/Users/jaliu/.m2/repository/io/netty/netty-handler/4.1.103.Final/netty-handler-4.1.103.Final.jar:/Users/jaliu/.m2/repository/io/netty/netty-transport-native-unix-common/4.1.103.Final/netty-transport-native-unix-common-4.1.103.Final.jar:/Users/jaliu/.m2/repository/io/netty/netty-codec/4.1.103.Final/netty-codec-4.1.103.Final.jar:/Users/jaliu/.m2/repository/io/netty/netty-handler-proxy/4.1.103.Final/netty-handler-proxy-4.1.103.Final.jar:/Users/jaliu/.m2/repository/io/netty/netty-codec-socks/4.1.103.Final/netty-codec-socks-4.1.103.Final.jar:/Users/jaliu/.m2/repository/io/netty/netty-codec-http/4.1.103.Final/netty-codec-http-4.1.103.Final.jar:/Users/jaliu/.m2/repository/io/netty/netty-codec-http2/4.1.103.Final/netty-codec-http2-4.1.103.Final.jar:/Users/jaliu/.m2/repository/io/netty/netty-resolver/4.1.103.Final/netty-resolver-4.1.103.Final.jar:/Users/jaliu/.m2/repository/io/netty/netty-resolver-dns/4.1.103.Final/netty-resolver-dns-4.1.103.Final.jar:/Users/jaliu/.m2/repository/io/netty/netty-codec-dns/4.1.103.Final/netty-codec-dns-4.1.103.Final.jar:/Users/jaliu/.m2/repository/com/fasterxml/jackson/core/jackson-core/2.15.3/jackson-core-2.15.3.jar:/Users/jaliu/.m2/repository/io/vertx/vertx-web/4.5.1/vertx-web-4.5.1.jar:/Users/jaliu/.m2/repository/io/vertx/vertx-web-common/4.5.1/vertx-web-common-4.5.1.jar:/Users/jaliu/.m2/repository/io/vertx/vertx-auth-common/4.5.1/vertx-auth-common-4.5.1.jar:/Users/jaliu/.m2/repository/io/vertx/vertx-bridge-common/4.5.1/vertx-bridge-common-4.5.1.jar:/Users/jaliu/.m2/repository/io/netty/netty-resolver-dns-native-macos/4.1.106.Final/netty-resolver-dns-native-macos-4.1.106.Final-osx-aarch_64.jar:/Users/jaliu/.m2/repository/io/netty/netty-resolver-dns-classes-macos/4.1.106.Final/netty-resolver-dns-classes-macos-4.1.106.Final.jar:"/>
    <property name="sun.cpu.endian" value="little"/>
    <property name="user.home" value="/Users/jaliu"/>
    <property name="user.language" value="en"/>
    <property name="java.specification.vendor" value="Oracle Corporation"/>
    <property name="java.version.date" value="2022-01-18"/>
    <property name="java.home" value="/Users/jaliu/Library/Java/JavaVirtualMachines/openjdk-17.0.2/Contents/Home"/>
    <property name="file.separator" value="/"/>
    <property name="basedir" value="/Users/jaliu/Desktop/Practice/vertx-proxy"/>
    <property name="java.vm.compressedOopsMode" value="Zero based"/>
    <property name="line.separator" value="&#10;"/>
    <property name="java.specification.name" value="Java Platform API Specification"/>
    <property name="java.vm.specification.vendor" value="Oracle Corporation"/>
    <property name="surefire.real.class.path" value="/Users/jaliu/Desktop/Practice/vertx-proxy/target/surefire/surefirebooter-20250414220745881_3.jar"/>
    <property name="sun.management.compiler" value="HotSpot 64-Bit Tiered Compilers"/>
    <property name="ftp.nonProxyHosts" value="local|*.local|169.254/16|*.169.254/16"/>
    <property name="java.runtime.version" value="17.0.2+8-86"/>
    <property name="user.name" value="jaliu"/>
    <property name="path.separator" value=":"/>
    <property name="os.version" value="14.2"/>
    <property name="java.runtime.name" value="OpenJDK Runtime Environment"/>
    <property name="file.encoding" value="UTF-8"/>
    <property name="java.vm.name" value="OpenJDK 64-Bit Server VM"/>
    <property name="localRepository" value="/Users/jaliu/.m2/repository"/>
    <property name="java.vendor.url.bug" value="https://bugreport.java.com/bugreport/"/>
    <property name="java.io.tmpdir" value="/var/folders/lt/zc5w_bb53dl416y21f1hhb0h0000gn/T/"/>
    <property name="idea.version" value="2024.2.1"/>
    <property name="java.version" value="17.0.2"/>
    <property name="user.dir" value="/Users/jaliu/Desktop/Practice/vertx-proxy"/>
    <property name="os.arch" value="x86_64"/>
    <property name="java.vm.specification.name" value="Java Virtual Machine Specification"/>
    <property name="native.encoding" value="UTF-8"/>
    <property name="java.library.path" value="/Users/jaliu/Library/Java/Extensions:/Library/Java/Extensions:/Network/Library/Java/Extensions:/System/Library/Java/Extensions:/usr/lib/java:."/>
    <property name="java.vm.info" value="mixed mode, sharing"/>
    <property name="java.vendor" value="Oracle Corporation"/>
    <property name="java.vm.version" value="17.0.2+8-86"/>
    <property name="sun.io.unicode.encoding" value="UnicodeBig"/>
    <property name="socksNonProxyHosts" value="local|*.local|169.254/16|*.169.254/16"/>
    <property name="java.class.version" value="61.0"/>
  </properties>
  <testcase name="testApp" classname="com.example.proxy.AppTest" time="0.002"/>
</testsuite>